# JRE version: Java(TM) SE Runtime Environment (7.0_65-b20) (build 1.7.0_65-b20)
# Java VM: Java HotSpot(TM) Client VM (24.65-b04 mixed mode, sharing windows-x86 )
Heap
 def new generation   total 64064K, used 14126K [0x27200000, 0x2b780000, 0x2c750000)
  eden space 56960K,  20% used [0x27200000, 0x27d7c2b8, 0x2a9a0000)
  from space 7104K,  33% used [0x2b090000, 0x2b2df8e0, 0x2b780000)
  to   space 7104K,   0% used [0x2a9a0000, 0x2a9a0000, 0x2b090000)
 tenured generation   total 142240K, used 106608K [0x2c750000, 0x35238000, 0x37200000)
   the space 142240K,  74% used [0x2c750000, 0x32f6c2c8, 0x32f6c400, 0x35238000)
 compacting perm gen  total 12288K, used 9760K [0x37200000, 0x37e00000, 0x3b200000)
   the space 12288K,  79% used [0x37200000, 0x37b883a0, 0x37b88400, 0x37e00000)
    ro space 10240K,  42% used [0x3b200000, 0x3b634650, 0x3b634800, 0x3bc00000)
    rw space 12288K,  52% used [0x3bc00000, 0x3c24be40, 0x3c24c000, 0x3c800000)
GC Heap History (10 events):
Event: 725.757 GC heap before
{Heap before GC invocations=58 (full 5):
 def new generation   total 64064K, used 57678K [0x27200000, 0x2b780000, 0x2c750000)
  eden space 56960K, 100% used [0x27200000, 0x2a9a0000, 0x2a9a0000)
  from space 7104K,  10% used [0x2a9a0000, 0x2aa53918, 0x2b090000)
  to   space 7104K,   0% used [0x2b090000, 0x2b090000, 0x2b780000)
 tenured generation   total 142240K, used 97951K [0x2c750000, 0x35238000, 0x37200000)
   the space 142240K,  68% used [0x2c750000, 0x326f7eb0, 0x326f8000, 0x35238000)
 compacting perm gen  total 12288K, used 9758K [0x37200000, 0x37e00000, 0x3b200000)
   the space 12288K,  79% used [0x37200000, 0x37b87b68, 0x37b87c00, 0x37e00000)
    ro space 10240K,  42% used [0x3b200000, 0x3b634650, 0x3b634800, 0x3bc00000)
    rw space 12288K,  52% used [0x3bc00000, 0x3c24be40, 0x3c24c000, 0x3c800000)
Event: 725.771 GC heap after
Heap after GC invocations=59 (full 5):
 def new generation   total 64064K, used 3821K [0x27200000, 0x2b780000, 0x2c750000)
  eden space 56960K,   0% used [0x27200000, 0x27200000, 0x2a9a0000)
  from space 7104K,  53% used [0x2b090000, 0x2b44b4e0, 0x2b780000)
  to   space 7104K,   0% used [0x2a9a0000, 0x2a9a0000, 0x2b090000)
 tenured generation   total 142240K, used 97951K [0x2c750000, 0x35238000, 0x37200000)
   the space 142240K,  68% used [0x2c750000, 0x326f7eb0, 0x326f8000, 0x35238000)
 compacting perm gen  total 12288K, used 9758K [0x37200000, 0x37e00000, 0x3b200000)
   the space 12288K,  79% used [0x37200000, 0x37b87b68, 0x37b87c00, 0x37e00000)
    ro space 10240K,  42% used [0x3b200000, 0x3b634650, 0x3b634800, 0x3bc00000)
    rw space 12288K,  52% used [0x3bc00000, 0x3c24be40, 0x3c24c000, 0x3c800000)
}
Event: 741.797 GC heap before
{Heap before GC invocations=59 (full 5):
 def new generation   total 64064K, used 60781K [0x27200000, 0x2b780000, 0x2c750000)
  eden space 56960K, 100% used [0x27200000, 0x2a9a0000, 0x2a9a0000)
  from space 7104K,  53% used [0x2b090000, 0x2b44b4e0, 0x2b780000)
  to   space 7104K,   0% used [0x2a9a0000, 0x2a9a0000, 0x2b090000)
 tenured generation   total 142240K, used 97951K [0x2c750000, 0x35238000, 0x37200000)
   the space 142240K,  68% used [0x2c750000, 0x326f7eb0, 0x326f8000, 0x35238000)
 compacting perm gen  total 12288K, used 9759K [0x37200000, 0x37e00000, 0x3b200000)
   the space 12288K,  79% used [0x37200000, 0x37b87f30, 0x37b88000, 0x37e00000)
    ro space 10240K,  42% used [0x3b200000, 0x3b634650, 0x3b634800, 0x3bc00000)
    rw space 12288K,  52% used [0x3bc00000, 0x3c24be40, 0x3c24c000, 0x3c800000)
Event: 741.827 GC heap after
Heap after GC invocations=60 (full 5):
 def new generation   total 64064K, used 7104K [0x27200000, 0x2b780000, 0x2c750000)
  eden space 56960K,   0% used [0x27200000, 0x27200000, 0x2a9a0000)
  from space 7104K, 100% used [0x2a9a0000, 0x2b090000, 0x2b090000)
  to   space 7104K,   0% used [0x2b090000, 0x2b090000, 0x2b780000)
 tenured generation   total 142240K, used 100026K [0x2c750000, 0x35238000, 0x37200000)
   the space 142240K,  70% used [0x2c750000, 0x328feb40, 0x328fec00, 0x35238000)
 compacting perm gen  total 12288K, used 9759K [0x37200000, 0x37e00000, 0x3b200000)
   the space 12288K,  79% used [0x37200000, 0x37b87f30, 0x37b88000, 0x37e00000)
    ro space 10240K,  42% used [0x3b200000, 0x3b634650, 0x3b634800, 0x3bc00000)
    rw space 12288K,  52% used [0x3bc00000, 0x3c24be40, 0x3c24c000, 0x3c800000)
}
Event: 774.250 GC heap before
{Heap before GC invocations=60 (full 5):
 def new generation   total 64064K, used 64064K [0x27200000, 0x2b780000, 0x2c750000)
  eden space 56960K, 100% used [0x27200000, 0x2a9a0000, 0x2a9a0000)
  from space 7104K, 100% used [0x2a9a0000, 0x2b090000, 0x2b090000)
  to   space 7104K,   0% used [0x2b090000, 0x2b090000, 0x2b780000)
 tenured generation   total 142240K, used 100026K [0x2c750000, 0x35238000, 0x37200000)
   the space 142240K,  70% used [0x2c750000, 0x328feb40, 0x328fec00, 0x35238000)
 compacting perm gen  total 12288K, used 9759K [0x37200000, 0x37e00000, 0x3b200000)
   the space 12288K,  79% used [0x37200000, 0x37b87f50, 0x37b88000, 0x37e00000)
    ro space 10240K,  42% used [0x3b200000, 0x3b634650, 0x3b634800, 0x3bc00000)
    rw space 12288K,  52% used [0x3bc00000, 0x3c24be40, 0x3c24c000, 0x3c800000)
Event: 774.268 GC heap after
Heap after GC invocations=61 (full 5):
 def new generation   total 64064K, used 713K [0x27200000, 0x2b780000, 0x2c750000)
  eden space 56960K,   0% used [0x27200000, 0x27200000, 0x2a9a0000)
  from space 7104K,  10% used [0x2b090000, 0x2b142710, 0x2b780000)
  to   space 7104K,   0% used [0x2a9a0000, 0x2a9a0000, 0x2b090000)
 tenured generation   total 142240K, used 106608K [0x2c750000, 0x35238000, 0x37200000)
   the space 142240K,  74% used [0x2c750000, 0x32f6c2c8, 0x32f6c400, 0x35238000)
 compacting perm gen  total 12288K, used 9759K [0x37200000, 0x37e00000, 0x3b200000)
   the space 12288K,  79% used [0x37200000, 0x37b87f50, 0x37b88000, 0x37e00000)
    ro space 10240K,  42% used [0x3b200000, 0x3b634650, 0x3b634800, 0x3bc00000)
    rw space 12288K,  52% used [0x3bc00000, 0x3c24be40, 0x3c24c000, 0x3c800000)
}
Event: 803.231 GC heap before
{Heap before GC invocations=61 (full 5):
 def new generation   total 64064K, used 57673K [0x27200000, 0x2b780000, 0x2c750000)
  eden space 56960K, 100% used [0x27200000, 0x2a9a0000, 0x2a9a0000)
  from space 7104K,  10% used [0x2b090000, 0x2b142710, 0x2b780000)
  to   space 7104K,   0% used [0x2a9a0000, 0x2a9a0000, 0x2b090000)
 tenured generation   total 142240K, used 106608K [0x2c750000, 0x35238000, 0x37200000)
   the space 142240K,  74% used [0x2c750000, 0x32f6c2c8, 0x32f6c400, 0x35238000)
 compacting perm gen  total 12288K, used 9759K [0x37200000, 0x37e00000, 0x3b200000)
   the space 12288K,  79% used [0x37200000, 0x37b87f50, 0x37b88000, 0x37e00000)
    ro space 10240K,  42% used [0x3b200000, 0x3b634650, 0x3b634800, 0x3bc00000)
    rw space 12288K,  52% used [0x3bc00000, 0x3c24be40, 0x3c24c000, 0x3c800000)
Event: 803.235 GC heap after
Heap after GC invocations=62 (full 5):
 def new generation   total 64064K, used 801K [0x27200000, 0x2b780000, 0x2c750000)
  eden space 56960K,   0% used [0x27200000, 0x27200000, 0x2a9a0000)
  from space 7104K,  11% used [0x2a9a0000, 0x2aa684a0, 0x2b090000)
  to   space 7104K,   0% used [0x2b090000, 0x2b090000, 0x2b780000)
 tenured generation   total 142240K, used 106608K [0x2c750000, 0x35238000, 0x37200000)
   the space 142240K,  74% used [0x2c750000, 0x32f6c2c8, 0x32f6c400, 0x35238000)
 compacting perm gen  total 12288K, used 9759K [0x37200000, 0x37e00000, 0x3b200000)
   the space 12288K,  79% used [0x37200000, 0x37b87f50, 0x37b88000, 0x37e00000)
    ro space 10240K,  42% used [0x3b200000, 0x3b634650, 0x3b634800, 0x3bc00000)
    rw space 12288K,  52% used [0x3bc00000, 0x3c24be40, 0x3c24c000, 0x3c800000)
}
Event: 825.682 GC heap before
{Heap before GC invocations=62 (full 5):
 def new generation   total 64064K, used 57761K [0x27200000, 0x2b780000, 0x2c750000)
  eden space 56960K, 100% used [0x27200000, 0x2a9a0000, 0x2a9a0000)
  from space 7104K,  11% used [0x2a9a0000, 0x2aa684a0, 0x2b090000)
  to   space 7104K,   0% used [0x2b090000, 0x2b090000, 0x2b780000)
 tenured generation   total 142240K, used 106608K [0x2c750000, 0x35238000, 0x37200000)
   the space 142240K,  74% used [0x2c750000, 0x32f6c2c8, 0x32f6c400, 0x35238000)
 compacting perm gen  total 12288K, used 9760K [0x37200000, 0x37e00000, 0x3b200000)
   the space 12288K,  79% used [0x37200000, 0x37b883a0, 0x37b88400, 0x37e00000)
    ro space 10240K,  42% used [0x3b200000, 0x3b634650, 0x3b634800, 0x3bc00000)
    rw space 12288K,  52% used [0x3bc00000, 0x3c24be40, 0x3c24c000, 0x3c800000)
Event: 825.692 GC heap after
Heap after GC invocations=63 (full 5):
 def new generation   total 64064K, used 2366K [0x27200000, 0x2b780000, 0x2c750000)
  eden space 56960K,   0% used [0x27200000, 0x27200000, 0x2a9a0000)
  from space 7104K,  33% used [0x2b090000, 0x2b2df8e0, 0x2b780000)
  to   space 7104K,   0% used [0x2a9a0000, 0x2a9a0000, 0x2b090000)
 tenured generation   total 142240K, used 106608K [0x2c750000, 0x35238000, 0x37200000)
   the space 142240K,  74% used [0x2c750000, 0x32f6c2c8, 0x32f6c400, 0x35238000)
 compacting perm gen  total 12288K, used 9760K [0x37200000, 0x37e00000, 0x3b200000)
   the space 12288K,  79% used [0x37200000, 0x37b883a0, 0x37b88400, 0x37e00000)
    ro space 10240K,  42% used [0x3b200000, 0x3b634650, 0x3b634800, 0x3bc00000)
    rw space 12288K,  52% used [0x3bc00000, 0x3c24be40, 0x3c24c000, 0x3c800000)
}

